\BOOKMARK [0][-]{section*.3}{فهرست مطالب}{}% 1
\BOOKMARK [0][-]{chapter.1}{چند کلمه با خواننده}{}% 2
\BOOKMARK [0][-]{chapter.2}{نگاهی کوتاه به ریاضی لازمه}{}% 3
\BOOKMARK [1][-]{section.2.1}{توابع}{chapter.2}% 4
\BOOKMARK [1][-]{section.2.2}{بردارها}{chapter.2}% 5
\BOOKMARK [1][-]{section.2.3}{مثلثات}{chapter.2}% 6
\BOOKMARK [1][-]{section.2.4}{ماتریسها}{chapter.2}% 7
\BOOKMARK [1][-]{section.2.5}{قائمیت در فضای سه بعدی}{chapter.2}% 8
\BOOKMARK [1][-]{section.2.6}{دنباله ها و سری ها}{chapter.2}% 9
\BOOKMARK [1][-]{section.2.7}{پایان فصل ریاضی}{chapter.2}% 10
\BOOKMARK [0][-]{chapter.3}{نگاهی کوتاه به برنامه نویسی}{}% 11
\BOOKMARK [1][-]{section.3.1}{برنامه نویسی فانکشنال}{chapter.3}% 12
\BOOKMARK [1][-]{section.3.2}{برنامه نویسی شیء گرا}{chapter.3}% 13
\BOOKMARK [1][-]{section.3.3}{کتابخانه ها}{chapter.3}% 14
\BOOKMARK [1][-]{section.3.4}{پایتان}{chapter.3}% 15
\BOOKMARK [1][-]{section.3.5}{C++}{chapter.3}% 16
\BOOKMARK [1][-]{section.3.6}{سیستمهای کنترل نسخه}{chapter.3}% 17
\BOOKMARK [1][-]{section.3.7}{پایان فصل برنامه نویسی}{chapter.3}% 18
\BOOKMARK [0][-]{chapter.4}{مفهومات پایه ی گرافیک}{}% 19
\BOOKMARK [1][-]{section.4.1}{مانیتورهای کامپیوتر}{chapter.4}% 20
\BOOKMARK [1][-]{section.4.2}{ صفحه ی شطرنجی و المان تصویری \(پیکسل\)}{chapter.4}% 21
\BOOKMARK [1][-]{section.4.3}{رسترسازی}{chapter.4}% 22
\BOOKMARK [1][-]{section.4.4}{سایه زنهای ترکشی}{chapter.4}% 23
\BOOKMARK [1][-]{section.4.5}{رابطهای گرافیکی}{chapter.4}% 24
\BOOKMARK [1][-]{section.4.6}{فریم بافر و وی رم}{chapter.4}% 25
\BOOKMARK [1][-]{section.4.7}{ پایان فصل مفهومات گرافیکی}{chapter.4}% 26
\BOOKMARK [0][-]{chapter.5}{الگوریتمهای رنگ، رسم و منحنیها}{}% 27
\BOOKMARK [1][-]{section.5.1}{رنگ در کامپیوتر}{chapter.5}% 28
\BOOKMARK [1][-]{section.5.2}{کتابخانه ی تصویری پایتان}{chapter.5}% 29
